<?xml version="1.0" encoding="UTF-8"?>
<!-- Generated by org.testng.reporters.JUnitXMLReporter -->
<testsuite hostname="ANAND-PC" name="Test" tests="2" failures="2" timestamp="20 Feb 2018 04:03:02 GMT" time="22.62" errors="0">
  <testcase name="verifyClaimStatusSummaryDashlet" time="5.647" classname="AllTestScripts.claimStatusSummaryDashlet">
    <failure type="java.lang.AssertionError" message="null">
      <![CDATA[java.lang.AssertionError: null
	at AllWebPages.IndexPage.verifyPracticeLoginPageIsDisplayed(IndexPage.java:137)
	at AllTestScripts.claimStatusSummaryDashlet.verifyClaimStatusSummaryDashlet(claimStatusSummaryDashlet.java:26)
... Removed 26 stack frames]]>
    </failure>
  </testcase> <!-- verifyClaimStatusSummaryDashlet -->
  <testcase name="testing" time="5.241" classname="AllTestScripts.demo">
    <failure type="java.lang.AssertionError" message="null">
      <![CDATA[java.lang.AssertionError: null
	at AllWebPages.IndexPage.verifyPracticeLoginPageIsDisplayed(IndexPage.java:137)
	at AllTestScripts.demo.testing(demo.java:34)
... Removed 26 stack frames]]>
    </failure>
  </testcase> <!-- testing -->
</testsuite> <!-- Test -->
