<?xml version="1.0" encoding="UTF-8"?>
<testsuite xmlns:xsi="http://www.w3.org/2001/XMLSchema-instance" xsi:schemaLocation="https://maven.apache.org/surefire/maven-surefire-plugin/xsd/surefire-test-report.xsd" name="TestSuite" time="6.825" tests="5" errors="0" skipped="3" failures="2">
  <properties>
[...]
</properties>
  <testcase name="verifyClaimStatusSummaryDashlet" classname="AllTestScripts.claimStatusSummaryDashlet" time="0.039">
    <failure message="org.openqa.selenium.support.ui.WebDriverWait.until(Lcom/google/common/base/Function;)Ljava/lang/Object;" type="java.lang.NoSuchMethodError">java.lang.NoSuchMethodError: org.openqa.selenium.support.ui.WebDriverWait.until(Lcom/google/common/base/Function;)Ljava/lang/Object;
	at AllTestScripts.claimStatusSummaryDashlet.verifyClaimStatusSummaryDashlet(claimStatusSummaryDashlet.java:16)
</failure>
    <system-out><![CDATA[Loaded the URL  https://192.168.10.249/index.html
Started testing on  https://192.168.10.249/index.html
Implict wait time is  30
]]></system-out>
    <system-err><![CDATA[Starting ChromeDriver 2.33.506120 (e3e53437346286c0bc2d2dc9aa4915ba81d9023f) on port 11755
Only local connections are allowed.
Feb 19, 2018 4:32:02 PM org.openqa.selenium.remote.ProtocolHandshake createSession
INFO: Detected dialect: OSS
]]></system-err>
  </testcase>
  <testcase name="closeBrowser" classname="AllTestScripts.claimStatusSummaryDashlet" time="0.439">
    <failure message="org/apache/commons/io/FileUtils" type="java.lang.NoClassDefFoundError">java.lang.NoClassDefFoundError: org/apache/commons/io/FileUtils
Caused by: java.lang.ClassNotFoundException: org.apache.commons.io.FileUtils
</failure>
    <system-out><![CDATA[Test failed  verifyClaimStatusSummaryDashlet
]]></system-out>
  </testcase>
  <testcase name="openBrowser" classname="AllTestScripts.demo" time="0">
    <skipped/>
  </testcase>
  <testcase name="testing" classname="AllTestScripts.demo" time="0">
    <skipped/>
  </testcase>
  <testcase name="closeBrowser" classname="AllTestScripts.demo" time="0">
    <skipped/>
  </testcase>
</testsuite>